[2022-10-24 02:12:33] production.ERROR: SQLSTATE[HY000] [1045] Access denied for user 'forge'@'localhost' (using password: NO) (SQL: select * from information_schema.tables where table_schema = forge and table_name = migrations and table_type = 'BASE TABLE') {"exception":"[object] (Illuminate\\Database\\QueryException(code: 1045): SQLSTATE[HY000] [1045] Access denied for user 'forge'@'localhost' (using password: NO) (SQL: select * from information_schema.tables where table_schema = forge and table_name = migrations and table_type = 'BASE TABLE') at /lxcshared/openemr-telesalud.git/telesalud/laravel/vendor/laravel/framework/src/Illuminate/Database/Connection.php:712)
[stacktrace]
#0 /lxcshared/openemr-telesalud.git/telesalud/laravel/vendor/laravel/framework/src/Illuminate/Database/Connection.php(672): Illuminate\\Database\\Connection->runQueryCallback()
#1 /lxcshared/openemr-telesalud.git/telesalud/laravel/vendor/laravel/framework/src/Illuminate/Database/Connection.php(376): Illuminate\\Database\\Connection->run()
#2 /lxcshared/openemr-telesalud.git/telesalud/laravel/vendor/laravel/framework/src/Illuminate/Database/Schema/MySqlBuilder.php(44): Illuminate\\Database\\Connection->select()
#3 /lxcshared/openemr-telesalud.git/telesalud/laravel/vendor/laravel/framework/src/Illuminate/Database/Migrations/DatabaseMigrationRepository.php(169): Illuminate\\Database\\Schema\\MySqlBuilder->hasTable()
#4 /lxcshared/openemr-telesalud.git/telesalud/laravel/vendor/laravel/framework/src/Illuminate/Database/Migrations/Migrator.php(673): Illuminate\\Database\\Migrations\\DatabaseMigrationRepository->repositoryExists()
#5 /lxcshared/openemr-telesalud.git/telesalud/laravel/vendor/laravel/framework/src/Illuminate/Database/Console/Migrations/MigrateCommand.php(110): Illuminate\\Database\\Migrations\\Migrator->repositoryExists()
#6 /lxcshared/openemr-telesalud.git/telesalud/laravel/vendor/laravel/framework/src/Illuminate/Database/Console/Migrations/MigrateCommand.php(78): Illuminate\\Database\\Console\\Migrations\\MigrateCommand->prepareDatabase()
#7 /lxcshared/openemr-telesalud.git/telesalud/laravel/vendor/laravel/framework/src/Illuminate/Database/Migrations/Migrator.php(606): Illuminate\\Database\\Console\\Migrations\\MigrateCommand->Illuminate\\Database\\Console\\Migrations\\{closure}()
#8 /lxcshared/openemr-telesalud.git/telesalud/laravel/vendor/laravel/framework/src/Illuminate/Database/Console/Migrations/MigrateCommand.php(98): Illuminate\\Database\\Migrations\\Migrator->usingConnection()
#9 /lxcshared/openemr-telesalud.git/telesalud/laravel/vendor/laravel/framework/src/Illuminate/Container/BoundMethod.php(36): Illuminate\\Database\\Console\\Migrations\\MigrateCommand->handle()
#10 /lxcshared/openemr-telesalud.git/telesalud/laravel/vendor/laravel/framework/src/Illuminate/Container/Util.php(40): Illuminate\\Container\\BoundMethod::Illuminate\\Container\\{closure}()
#11 /lxcshared/openemr-telesalud.git/telesalud/laravel/vendor/laravel/framework/src/Illuminate/Container/BoundMethod.php(93): Illuminate\\Container\\Util::unwrapIfClosure()
#12 /lxcshared/openemr-telesalud.git/telesalud/laravel/vendor/laravel/framework/src/Illuminate/Container/BoundMethod.php(37): Illuminate\\Container\\BoundMethod::callBoundMethod()
#13 /lxcshared/openemr-telesalud.git/telesalud/laravel/vendor/laravel/framework/src/Illuminate/Container/Container.php(653): Illuminate\\Container\\BoundMethod::call()
#14 /lxcshared/openemr-telesalud.git/telesalud/laravel/vendor/laravel/framework/src/Illuminate/Console/Command.php(136): Illuminate\\Container\\Container->call()
#15 /lxcshared/openemr-telesalud.git/telesalud/laravel/vendor/symfony/console/Command/Command.php(298): Illuminate\\Console\\Command->execute()
#16 /lxcshared/openemr-telesalud.git/telesalud/laravel/vendor/laravel/framework/src/Illuminate/Console/Command.php(121): Symfony\\Component\\Console\\Command\\Command->run()
#17 /lxcshared/openemr-telesalud.git/telesalud/laravel/vendor/symfony/console/Application.php(1028): Illuminate\\Console\\Command->run()
#18 /lxcshared/openemr-telesalud.git/telesalud/laravel/vendor/symfony/console/Application.php(299): Symfony\\Component\\Console\\Application->doRunCommand()
#19 /lxcshared/openemr-telesalud.git/telesalud/laravel/vendor/symfony/console/Application.php(171): Symfony\\Component\\Console\\Application->doRun()
#20 /lxcshared/openemr-telesalud.git/telesalud/laravel/vendor/laravel/framework/src/Illuminate/Console/Application.php(94): Symfony\\Component\\Console\\Application->run()
#21 /lxcshared/openemr-telesalud.git/telesalud/laravel/vendor/laravel/framework/src/Illuminate/Foundation/Console/Kernel.php(129): Illuminate\\Console\\Application->run()
#22 /lxcshared/openemr-telesalud.git/telesalud/laravel/artisan(37): Illuminate\\Foundation\\Console\\Kernel->handle()
#23 {main}

[previous exception] [object] (PDOException(code: 1045): SQLSTATE[HY000] [1045] Access denied for user 'forge'@'localhost' (using password: NO) at /lxcshared/openemr-telesalud.git/telesalud/laravel/vendor/laravel/framework/src/Illuminate/Database/Connectors/Connector.php:70)
[stacktrace]
#0 /lxcshared/openemr-telesalud.git/telesalud/laravel/vendor/laravel/framework/src/Illuminate/Database/Connectors/Connector.php(70): PDO->__construct()
#1 /lxcshared/openemr-telesalud.git/telesalud/laravel/vendor/laravel/framework/src/Illuminate/Database/Connectors/Connector.php(46): Illuminate\\Database\\Connectors\\Connector->createPdoConnection()
#2 /lxcshared/openemr-telesalud.git/telesalud/laravel/vendor/laravel/framework/src/Illuminate/Database/Connectors/MySqlConnector.php(24): Illuminate\\Database\\Connectors\\Connector->createConnection()
#3 /lxcshared/openemr-telesalud.git/telesalud/laravel/vendor/laravel/framework/src/Illuminate/Database/Connectors/ConnectionFactory.php(184): Illuminate\\Database\\Connectors\\MySqlConnector->connect()
#4 [internal function]: Illuminate\\Database\\Connectors\\ConnectionFactory->Illuminate\\Database\\Connectors\\{closure}()
#5 /lxcshared/openemr-telesalud.git/telesalud/laravel/vendor/laravel/framework/src/Illuminate/Database/Connection.php(1064): call_user_func()
#6 /lxcshared/openemr-telesalud.git/telesalud/laravel/vendor/laravel/framework/src/Illuminate/Database/Connection.php(1100): Illuminate\\Database\\Connection->getPdo()
#7 /lxcshared/openemr-telesalud.git/telesalud/laravel/vendor/laravel/framework/src/Illuminate/Database/Connection.php(442): Illuminate\\Database\\Connection->getReadPdo()
#8 /lxcshared/openemr-telesalud.git/telesalud/laravel/vendor/laravel/framework/src/Illuminate/Database/Connection.php(368): Illuminate\\Database\\Connection->getPdoForSelect()
#9 /lxcshared/openemr-telesalud.git/telesalud/laravel/vendor/laravel/framework/src/Illuminate/Database/Connection.php(705): Illuminate\\Database\\Connection->Illuminate\\Database\\{closure}()
#10 /lxcshared/openemr-telesalud.git/telesalud/laravel/vendor/laravel/framework/src/Illuminate/Database/Connection.php(672): Illuminate\\Database\\Connection->runQueryCallback()
#11 /lxcshared/openemr-telesalud.git/telesalud/laravel/vendor/laravel/framework/src/Illuminate/Database/Connection.php(376): Illuminate\\Database\\Connection->run()
#12 /lxcshared/openemr-telesalud.git/telesalud/laravel/vendor/laravel/framework/src/Illuminate/Database/Schema/MySqlBuilder.php(44): Illuminate\\Database\\Connection->select()
#13 /lxcshared/openemr-telesalud.git/telesalud/laravel/vendor/laravel/framework/src/Illuminate/Database/Migrations/DatabaseMigrationRepository.php(169): Illuminate\\Database\\Schema\\MySqlBuilder->hasTable()
#14 /lxcshared/openemr-telesalud.git/telesalud/laravel/vendor/laravel/framework/src/Illuminate/Database/Migrations/Migrator.php(673): Illuminate\\Database\\Migrations\\DatabaseMigrationRepository->repositoryExists()
#15 /lxcshared/openemr-telesalud.git/telesalud/laravel/vendor/laravel/framework/src/Illuminate/Database/Console/Migrations/MigrateCommand.php(110): Illuminate\\Database\\Migrations\\Migrator->repositoryExists()
#16 /lxcshared/openemr-telesalud.git/telesalud/laravel/vendor/laravel/framework/src/Illuminate/Database/Console/Migrations/MigrateCommand.php(78): Illuminate\\Database\\Console\\Migrations\\MigrateCommand->prepareDatabase()
#17 /lxcshared/openemr-telesalud.git/telesalud/laravel/vendor/laravel/framework/src/Illuminate/Database/Migrations/Migrator.php(606): Illuminate\\Database\\Console\\Migrations\\MigrateCommand->Illuminate\\Database\\Console\\Migrations\\{closure}()
#18 /lxcshared/openemr-telesalud.git/telesalud/laravel/vendor/laravel/framework/src/Illuminate/Database/Console/Migrations/MigrateCommand.php(98): Illuminate\\Database\\Migrations\\Migrator->usingConnection()
#19 /lxcshared/openemr-telesalud.git/telesalud/laravel/vendor/laravel/framework/src/Illuminate/Container/BoundMethod.php(36): Illuminate\\Database\\Console\\Migrations\\MigrateCommand->handle()
#20 /lxcshared/openemr-telesalud.git/telesalud/laravel/vendor/laravel/framework/src/Illuminate/Container/Util.php(40): Illuminate\\Container\\BoundMethod::Illuminate\\Container\\{closure}()
#21 /lxcshared/openemr-telesalud.git/telesalud/laravel/vendor/laravel/framework/src/Illuminate/Container/BoundMethod.php(93): Illuminate\\Container\\Util::unwrapIfClosure()
#22 /lxcshared/openemr-telesalud.git/telesalud/laravel/vendor/laravel/framework/src/Illuminate/Container/BoundMethod.php(37): Illuminate\\Container\\BoundMethod::callBoundMethod()
#23 /lxcshared/openemr-telesalud.git/telesalud/laravel/vendor/laravel/framework/src/Illuminate/Container/Container.php(653): Illuminate\\Container\\BoundMethod::call()
#24 /lxcshared/openemr-telesalud.git/telesalud/laravel/vendor/laravel/framework/src/Illuminate/Console/Command.php(136): Illuminate\\Container\\Container->call()
#25 /lxcshared/openemr-telesalud.git/telesalud/laravel/vendor/symfony/console/Command/Command.php(298): Illuminate\\Console\\Command->execute()
#26 /lxcshared/openemr-telesalud.git/telesalud/laravel/vendor/laravel/framework/src/Illuminate/Console/Command.php(121): Symfony\\Component\\Console\\Command\\Command->run()
#27 /lxcshared/openemr-telesalud.git/telesalud/laravel/vendor/symfony/console/Application.php(1028): Illuminate\\Console\\Command->run()
#28 /lxcshared/openemr-telesalud.git/telesalud/laravel/vendor/symfony/console/Application.php(299): Symfony\\Component\\Console\\Application->doRunCommand()
#29 /lxcshared/openemr-telesalud.git/telesalud/laravel/vendor/symfony/console/Application.php(171): Symfony\\Component\\Console\\Application->doRun()
#30 /lxcshared/openemr-telesalud.git/telesalud/laravel/vendor/laravel/framework/src/Illuminate/Console/Application.php(94): Symfony\\Component\\Console\\Application->run()
#31 /lxcshared/openemr-telesalud.git/telesalud/laravel/vendor/laravel/framework/src/Illuminate/Foundation/Console/Kernel.php(129): Illuminate\\Console\\Application->run()
#32 /lxcshared/openemr-telesalud.git/telesalud/laravel/artisan(37): Illuminate\\Foundation\\Console\\Kernel->handle()
#33 {main}
"} 
[2022-10-24 02:21:21] local.ERROR: Route [login] not defined. {"exception":"[object] (Symfony\\Component\\Routing\\Exception\\RouteNotFoundException(code: 0): Route [login] not defined. at /lxcshared/openemr-telesalud.git/telesalud/laravel/vendor/laravel/framework/src/Illuminate/Routing/UrlGenerator.php:444)
[stacktrace]
#0 /lxcshared/openemr-telesalud.git/telesalud/laravel/vendor/laravel/framework/src/Illuminate/Foundation/helpers.php(739): Illuminate\\Routing\\UrlGenerator->route()
#1 /lxcshared/openemr-telesalud.git/telesalud/laravel/app/Http/Middleware/Authenticate.php(18): route()
#2 /lxcshared/openemr-telesalud.git/telesalud/laravel/vendor/laravel/framework/src/Illuminate/Auth/Middleware/Authenticate.php(83): App\\Http\\Middleware\\Authenticate->redirectTo()
#3 /lxcshared/openemr-telesalud.git/telesalud/laravel/vendor/laravel/framework/src/Illuminate/Auth/Middleware/Authenticate.php(68): Illuminate\\Auth\\Middleware\\Authenticate->unauthenticated()
#4 /lxcshared/openemr-telesalud.git/telesalud/laravel/vendor/laravel/framework/src/Illuminate/Auth/Middleware/Authenticate.php(42): Illuminate\\Auth\\Middleware\\Authenticate->authenticate()
#5 /lxcshared/openemr-telesalud.git/telesalud/laravel/vendor/laravel/framework/src/Illuminate/Pipeline/Pipeline.php(167): Illuminate\\Auth\\Middleware\\Authenticate->handle()
#6 /lxcshared/openemr-telesalud.git/telesalud/laravel/vendor/laravel/framework/src/Illuminate/Pipeline/Pipeline.php(103): Illuminate\\Pipeline\\Pipeline->Illuminate\\Pipeline\\{closure}()
#7 /lxcshared/openemr-telesalud.git/telesalud/laravel/vendor/laravel/framework/src/Illuminate/Routing/Router.php(723): Illuminate\\Pipeline\\Pipeline->then()
#8 /lxcshared/openemr-telesalud.git/telesalud/laravel/vendor/laravel/framework/src/Illuminate/Routing/Router.php(698): Illuminate\\Routing\\Router->runRouteWithinStack()
#9 /lxcshared/openemr-telesalud.git/telesalud/laravel/vendor/laravel/framework/src/Illuminate/Routing/Router.php(662): Illuminate\\Routing\\Router->runRoute()
#10 /lxcshared/openemr-telesalud.git/telesalud/laravel/vendor/laravel/framework/src/Illuminate/Routing/Router.php(651): Illuminate\\Routing\\Router->dispatchToRoute()
#11 /lxcshared/openemr-telesalud.git/telesalud/laravel/vendor/laravel/framework/src/Illuminate/Foundation/Http/Kernel.php(167): Illuminate\\Routing\\Router->dispatch()
#12 /lxcshared/openemr-telesalud.git/telesalud/laravel/vendor/laravel/framework/src/Illuminate/Pipeline/Pipeline.php(128): Illuminate\\Foundation\\Http\\Kernel->Illuminate\\Foundation\\Http\\{closure}()
#13 /lxcshared/openemr-telesalud.git/telesalud/laravel/vendor/laravel/framework/src/Illuminate/Foundation/Http/Middleware/TransformsRequest.php(21): Illuminate\\Pipeline\\Pipeline->Illuminate\\Pipeline\\{closure}()
#14 /lxcshared/openemr-telesalud.git/telesalud/laravel/vendor/laravel/framework/src/Illuminate/Foundation/Http/Middleware/ConvertEmptyStringsToNull.php(31): Illuminate\\Foundation\\Http\\Middleware\\TransformsRequest->handle()
#15 /lxcshared/openemr-telesalud.git/telesalud/laravel/vendor/laravel/framework/src/Illuminate/Pipeline/Pipeline.php(167): Illuminate\\Foundation\\Http\\Middleware\\ConvertEmptyStringsToNull->handle()
#16 /lxcshared/openemr-telesalud.git/telesalud/laravel/vendor/laravel/framework/src/Illuminate/Foundation/Http/Middleware/TransformsRequest.php(21): Illuminate\\Pipeline\\Pipeline->Illuminate\\Pipeline\\{closure}()
#17 /lxcshared/openemr-telesalud.git/telesalud/laravel/vendor/laravel/framework/src/Illuminate/Foundation/Http/Middleware/TrimStrings.php(40): Illuminate\\Foundation\\Http\\Middleware\\TransformsRequest->handle()
#18 /lxcshared/openemr-telesalud.git/telesalud/laravel/vendor/laravel/framework/src/Illuminate/Pipeline/Pipeline.php(167): Illuminate\\Foundation\\Http\\Middleware\\TrimStrings->handle()
#19 /lxcshared/openemr-telesalud.git/telesalud/laravel/vendor/laravel/framework/src/Illuminate/Foundation/Http/Middleware/ValidatePostSize.php(27): Illuminate\\Pipeline\\Pipeline->Illuminate\\Pipeline\\{closure}()
#20 /lxcshared/openemr-telesalud.git/telesalud/laravel/vendor/laravel/framework/src/Illuminate/Pipeline/Pipeline.php(167): Illuminate\\Foundation\\Http\\Middleware\\ValidatePostSize->handle()
#21 /lxcshared/openemr-telesalud.git/telesalud/laravel/vendor/laravel/framework/src/Illuminate/Foundation/Http/Middleware/PreventRequestsDuringMaintenance.php(86): Illuminate\\Pipeline\\Pipeline->Illuminate\\Pipeline\\{closure}()
#22 /lxcshared/openemr-telesalud.git/telesalud/laravel/vendor/laravel/framework/src/Illuminate/Pipeline/Pipeline.php(167): Illuminate\\Foundation\\Http\\Middleware\\PreventRequestsDuringMaintenance->handle()
#23 /lxcshared/openemr-telesalud.git/telesalud/laravel/vendor/fruitcake/laravel-cors/src/HandleCors.php(52): Illuminate\\Pipeline\\Pipeline->Illuminate\\Pipeline\\{closure}()
#24 /lxcshared/openemr-telesalud.git/telesalud/laravel/vendor/laravel/framework/src/Illuminate/Pipeline/Pipeline.php(167): Fruitcake\\Cors\\HandleCors->handle()
#25 /lxcshared/openemr-telesalud.git/telesalud/laravel/vendor/laravel/framework/src/Illuminate/Http/Middleware/TrustProxies.php(39): Illuminate\\Pipeline\\Pipeline->Illuminate\\Pipeline\\{closure}()
#26 /lxcshared/openemr-telesalud.git/telesalud/laravel/vendor/laravel/framework/src/Illuminate/Pipeline/Pipeline.php(167): Illuminate\\Http\\Middleware\\TrustProxies->handle()
#27 /lxcshared/openemr-telesalud.git/telesalud/laravel/vendor/laravel/framework/src/Illuminate/Pipeline/Pipeline.php(103): Illuminate\\Pipeline\\Pipeline->Illuminate\\Pipeline\\{closure}()
#28 /lxcshared/openemr-telesalud.git/telesalud/laravel/vendor/laravel/framework/src/Illuminate/Foundation/Http/Kernel.php(142): Illuminate\\Pipeline\\Pipeline->then()
#29 /lxcshared/openemr-telesalud.git/telesalud/laravel/vendor/laravel/framework/src/Illuminate/Foundation/Http/Kernel.php(111): Illuminate\\Foundation\\Http\\Kernel->sendRequestThroughRouter()
#30 /lxcshared/openemr-telesalud.git/telesalud/laravel/public/index.php(52): Illuminate\\Foundation\\Http\\Kernel->handle()
#31 {main}
"} 
